2019-01-18 09:54:49.957  INFO 14700 --- [main] com.springboot.cms.CmsApplication        : Starting CmsApplication on DESKTOP-AR2LG8M with PID 14700 (D:\Lenovo\IdeaProjects\cms\target\classes started by eng89 in D:\Lenovo\IdeaProjects\cms)
2019-01-18 09:54:49.969  INFO 14700 --- [main] com.springboot.cms.CmsApplication        : No active profile set, falling back to default profiles: default
2019-01-18 09:54:50.424  INFO 14700 --- [main] .e.DevToolsPropertyDefaultsPostProcessor : Devtools property defaults active! Set 'spring.devtools.add-properties' to 'false' to disable
2019-01-18 09:54:50.473  INFO 14700 --- [main] .e.DevToolsPropertyDefaultsPostProcessor : For additional web related logging consider setting the 'logging.level.web' property to 'DEBUG'
2019-01-18 09:54:56.208  INFO 14700 --- [main] o.s.b.w.embedded.tomcat.TomcatWebServer  : Tomcat initialized with port(s): 8080 (http)
2019-01-18 09:54:56.260  INFO 14700 --- [main] o.apache.catalina.core.StandardService   : Starting service [Tomcat]
2019-01-18 09:54:56.261  INFO 14700 --- [main] org.apache.catalina.core.StandardEngine  : Starting Servlet Engine: Apache Tomcat/9.0.12
2019-01-18 09:54:56.278  INFO 14700 --- [main] o.a.catalina.core.AprLifecycleListener   : Loaded APR based Apache Tomcat Native library [1.2.17] using APR version [1.6.3].
2019-01-18 09:54:56.279  INFO 14700 --- [main] o.a.catalina.core.AprLifecycleListener   : APR capabilities: IPv6 [true], sendfile [true], accept filters [false], random [true].
2019-01-18 09:54:56.280  INFO 14700 --- [main] o.a.catalina.core.AprLifecycleListener   : APR/OpenSSL configuration: useAprConnector [false], useOpenSSL [true]
2019-01-18 09:54:57.515  INFO 14700 --- [main] o.a.catalina.core.AprLifecycleListener   : OpenSSL successfully initialized [OpenSSL 1.0.2o  27 Mar 2018]
2019-01-18 09:54:58.210  INFO 14700 --- [main] o.a.c.c.C.[Tomcat].[localhost].[/]       : Initializing Spring embedded WebApplicationContext
2019-01-18 09:54:58.211  INFO 14700 --- [main] o.s.web.context.ContextLoader            : Root WebApplicationContext: initialization completed in 7735 ms
2019-01-18 09:54:58.332  INFO 14700 --- [main] o.s.b.w.servlet.ServletRegistrationBean  : Servlet dispatcherServlet mapped to [/]
2019-01-18 09:54:58.348  INFO 14700 --- [main] o.s.b.w.servlet.FilterRegistrationBean   : Mapping filter: 'characterEncodingFilter' to: [/*]
2019-01-18 09:54:58.350  INFO 14700 --- [main] o.s.b.w.servlet.FilterRegistrationBean   : Mapping filter: 'hiddenHttpMethodFilter' to: [/*]
2019-01-18 09:54:58.351  INFO 14700 --- [main] o.s.b.w.servlet.FilterRegistrationBean   : Mapping filter: 'formContentFilter' to: [/*]
2019-01-18 09:54:58.353  INFO 14700 --- [main] o.s.b.w.servlet.FilterRegistrationBean   : Mapping filter: 'requestContextFilter' to: [/*]
2019-01-18 09:55:00.949  INFO 14700 --- [main] o.s.s.concurrent.ThreadPoolTaskExecutor  : Initializing ExecutorService 'applicationTaskExecutor'
2019-01-18 09:55:01.498  INFO 14700 --- [main] o.s.b.a.w.s.WelcomePageHandlerMapping    : Adding welcome page template: index
2019-01-18 09:55:03.786  INFO 14700 --- [main] o.s.b.d.a.OptionalLiveReloadServer       : LiveReload server is running on port 35729
2019-01-18 09:55:04.098  INFO 14700 --- [main] o.s.b.w.embedded.tomcat.TomcatWebServer  : Tomcat started on port(s): 8080 (http) with context path ''
2019-01-18 09:55:04.130  INFO 14700 --- [main] com.springboot.cms.CmsApplication        : Started CmsApplication in 16.873 seconds (JVM running for 44.723)
2019-01-18 09:55:24.085  INFO 14700 --- [http-nio-8080-exec-2] o.a.c.c.C.[Tomcat].[localhost].[/]       : Initializing Spring DispatcherServlet 'dispatcherServlet'
2019-01-18 09:55:24.087  INFO 14700 --- [http-nio-8080-exec-2] o.s.web.servlet.DispatcherServlet        : Initializing Servlet 'dispatcherServlet'
2019-01-18 09:55:24.121  INFO 14700 --- [http-nio-8080-exec-2] o.s.web.servlet.DispatcherServlet        : Completed initialization in 32 ms
2019-01-18 09:55:25.574  INFO 14700 --- [http-nio-8080-exec-8] com.zaxxer.hikari.HikariDataSource       : HikariPool-1 - Starting...
2019-01-18 09:55:25.590  WARN 14700 --- [http-nio-8080-exec-8] com.zaxxer.hikari.util.DriverDataSource  : Registered driver with driverClassName=com.mysql.jdbc.Driver was not found, trying direct instantiation.
2019-01-18 09:55:26.134  INFO 14700 --- [http-nio-8080-exec-8] com.zaxxer.hikari.HikariDataSource       : HikariPool-1 - Start completed.
2019-01-18 10:23:26.876  WARN 14700 --- [http-nio-8080-exec-1] o.s.web.servlet.PageNotFound             : No mapping for GET /link/Brand_Manage.html
2019-01-18 10:23:31.814  WARN 14700 --- [http-nio-8080-exec-8] o.s.web.servlet.PageNotFound             : No mapping for GET /link/Category_Manage.html
2019-01-18 10:23:33.089  WARN 14700 --- [http-nio-8080-exec-5] o.s.web.servlet.PageNotFound             : No mapping for GET /link/Brand_Manage.html
2019-01-18 12:37:34.097  WARN 14700 --- [HikariPool-1 housekeeper] com.zaxxer.hikari.pool.HikariPool        : HikariPool-1 - Thread starvation or clock leap detected (housekeeper delta=1m5s626ms357µs).
2019-01-18 13:19:46.812  WARN 14700 --- [HikariPool-1 housekeeper] com.zaxxer.hikari.pool.HikariPool        : HikariPool-1 - Thread starvation or clock leap detected (housekeeper delta=36m12s664ms5µs800ns).
2019-01-18 17:22:28.368  WARN 14700 --- [http-nio-8080-exec-8] o.s.web.servlet.PageNotFound             : No mapping for GET /templates/index.html
